{"/Users/ramzikarkoub/Desktop/Dev/perScholas/Capstone/cs_backend/app.js": {"path":"/Users/ramzikarkoub/Desktop/Dev/perScholas/Capstone/cs_backend/app.js","statementMap":{"0":{"start":{"line":2,"column":0},"end":{"line":2,"column":16}},"1":{"start":{"line":12,"column":12},"end":{"line":12,"column":21}},"2":{"start":{"line":15,"column":0},"end":{"line":17,"column":1}},"3":{"start":{"line":16,"column":2},"end":{"line":16,"column":14}},"4":{"start":{"line":18,"column":0},"end":{"line":18,"column":42}},"5":{"start":{"line":20,"column":0},"end":{"line":20,"column":24}},"6":{"start":{"line":21,"column":0},"end":{"line":21,"column":24}},"7":{"start":{"line":22,"column":0},"end":{"line":22,"column":23}},"8":{"start":{"line":23,"column":0},"end":{"line":39,"column":2}},"9":{"start":{"line":42,"column":0},"end":{"line":42,"column":32}},"10":{"start":{"line":43,"column":0},"end":{"line":43,"column":33}},"11":{"start":{"line":46,"column":0},"end":{"line":51,"column":1}},"12":{"start":{"line":47,"column":15},"end":{"line":47,"column":30}},"13":{"start":{"line":48,"column":2},"end":{"line":50,"column":5}},"14":{"start":{"line":49,"column":4},"end":{"line":49,"column":53}}},"fnMap":{"0":{"name":"(anonymous_0)","decl":{"start":{"line":48,"column":19},"end":{"line":48,"column":20}},"loc":{"start":{"line":48,"column":25},"end":{"line":50,"column":3}},"line":48}},"branchMap":{"0":{"loc":{"start":{"line":15,"column":0},"end":{"line":17,"column":1}},"type":"if","locations":[{"start":{"line":15,"column":0},"end":{"line":17,"column":1}},{"start":{},"end":{}}],"line":15},"1":{"loc":{"start":{"line":18,"column":16},"end":{"line":18,"column":40}},"type":"binary-expr","locations":[{"start":{"line":18,"column":16},"end":{"line":18,"column":32}},{"start":{"line":18,"column":36},"end":{"line":18,"column":40}}],"line":18},"2":{"loc":{"start":{"line":46,"column":0},"end":{"line":51,"column":1}},"type":"if","locations":[{"start":{"line":46,"column":0},"end":{"line":51,"column":1}},{"start":{},"end":{}}],"line":46}},"s":{"0":5,"1":5,"2":5,"3":0,"4":5,"5":5,"6":5,"7":5,"8":5,"9":5,"10":5,"11":5,"12":0,"13":0,"14":0},"f":{"0":0},"b":{"0":[0,5],"1":[5,0],"2":[0,5]},"_coverageSchema":"1a1c01bbd47fc00a2c39e90264f33305004495a9","hash":"bd3f4999cf07ac06c1c99ca8a9a54393649f3daf"}
,"/Users/ramzikarkoub/Desktop/Dev/perScholas/Capstone/cs_backend/config/db.js": {"path":"/Users/ramzikarkoub/Desktop/Dev/perScholas/Capstone/cs_backend/config/db.js","statementMap":{"0":{"start":{"line":4,"column":0},"end":{"line":4,"column":16}},"1":{"start":{"line":6,"column":18},"end":{"line":14,"column":1}},"2":{"start":{"line":7,"column":2},"end":{"line":13,"column":3}},"3":{"start":{"line":8,"column":4},"end":{"line":8,"column":50}},"4":{"start":{"line":9,"column":4},"end":{"line":9,"column":40}},"5":{"start":{"line":11,"column":4},"end":{"line":11,"column":62}},"6":{"start":{"line":12,"column":4},"end":{"line":12,"column":20}}},"fnMap":{"0":{"name":"(anonymous_0)","decl":{"start":{"line":6,"column":18},"end":{"line":6,"column":19}},"loc":{"start":{"line":6,"column":30},"end":{"line":14,"column":1}},"line":6}},"branchMap":{},"s":{"0":6,"1":6,"2":3,"3":3,"4":2,"5":1,"6":1},"f":{"0":3},"b":{},"_coverageSchema":"1a1c01bbd47fc00a2c39e90264f33305004495a9","hash":"d1679fa57accdb6db9ba8778584828d84bebbb6b"}
,"/Users/ramzikarkoub/Desktop/Dev/perScholas/Capstone/cs_backend/controllers/auth.controller.js": {"path":"/Users/ramzikarkoub/Desktop/Dev/perScholas/Capstone/cs_backend/controllers/auth.controller.js","statementMap":{"0":{"start":{"line":6,"column":24},"end":{"line":44,"column":1}},"1":{"start":{"line":7,"column":40},"end":{"line":7,"column":48}},"2":{"start":{"line":9,"column":2},"end":{"line":43,"column":3}},"3":{"start":{"line":11,"column":25},"end":{"line":11,"column":54}},"4":{"start":{"line":12,"column":4},"end":{"line":13,"column":70}},"5":{"start":{"line":13,"column":6},"end":{"line":13,"column":70}},"6":{"start":{"line":16,"column":27},"end":{"line":16,"column":58}},"7":{"start":{"line":19,"column":20},"end":{"line":19,"column":75}},"8":{"start":{"line":20,"column":4},"end":{"line":20,"column":25}},"9":{"start":{"line":21,"column":52},"end":{"line":21,"column":64}},"10":{"start":{"line":24,"column":18},"end":{"line":26,"column":6}},"11":{"start":{"line":29,"column":4},"end":{"line":34,"column":7}},"12":{"start":{"line":37,"column":4},"end":{"line":39,"column":73}},"13":{"start":{"line":41,"column":4},"end":{"line":41,"column":54}},"14":{"start":{"line":42,"column":4},"end":{"line":42,"column":54}},"15":{"start":{"line":47,"column":21},"end":{"line":79,"column":1}},"16":{"start":{"line":48,"column":30},"end":{"line":48,"column":38}},"17":{"start":{"line":50,"column":2},"end":{"line":78,"column":3}},"18":{"start":{"line":52,"column":17},"end":{"line":52,"column":46}},"19":{"start":{"line":53,"column":4},"end":{"line":53,"column":79}},"20":{"start":{"line":53,"column":15},"end":{"line":53,"column":79}},"21":{"start":{"line":56,"column":20},"end":{"line":56,"column":65}},"22":{"start":{"line":57,"column":4},"end":{"line":58,"column":70}},"23":{"start":{"line":58,"column":6},"end":{"line":58,"column":70}},"24":{"start":{"line":61,"column":18},"end":{"line":63,"column":6}},"25":{"start":{"line":66,"column":4},"end":{"line":71,"column":7}},"26":{"start":{"line":73,"column":52},"end":{"line":73,"column":61}},"27":{"start":{"line":74,"column":4},"end":{"line":74,"column":35}},"28":{"start":{"line":76,"column":4},"end":{"line":76,"column":49}},"29":{"start":{"line":77,"column":4},"end":{"line":77,"column":54}},"30":{"start":{"line":82,"column":22},"end":{"line":90,"column":1}},"31":{"start":{"line":83,"column":2},"end":{"line":87,"column":5}},"32":{"start":{"line":89,"column":2},"end":{"line":89,"column":57}},"33":{"start":{"line":93,"column":21},"end":{"line":102,"column":1}},"34":{"start":{"line":94,"column":2},"end":{"line":101,"column":3}},"35":{"start":{"line":95,"column":17},"end":{"line":95,"column":69}},"36":{"start":{"line":96,"column":4},"end":{"line":96,"column":74}},"37":{"start":{"line":96,"column":15},"end":{"line":96,"column":74}},"38":{"start":{"line":97,"column":4},"end":{"line":97,"column":19}},"39":{"start":{"line":99,"column":4},"end":{"line":99,"column":56}},"40":{"start":{"line":100,"column":4},"end":{"line":100,"column":54}}},"fnMap":{"0":{"name":"(anonymous_0)","decl":{"start":{"line":6,"column":24},"end":{"line":6,"column":25}},"loc":{"start":{"line":6,"column":44},"end":{"line":44,"column":1}},"line":6},"1":{"name":"(anonymous_1)","decl":{"start":{"line":47,"column":21},"end":{"line":47,"column":22}},"loc":{"start":{"line":47,"column":41},"end":{"line":79,"column":1}},"line":47},"2":{"name":"(anonymous_2)","decl":{"start":{"line":82,"column":22},"end":{"line":82,"column":23}},"loc":{"start":{"line":82,"column":36},"end":{"line":90,"column":1}},"line":82},"3":{"name":"(anonymous_3)","decl":{"start":{"line":93,"column":21},"end":{"line":93,"column":22}},"loc":{"start":{"line":93,"column":41},"end":{"line":102,"column":1}},"line":93}},"branchMap":{"0":{"loc":{"start":{"line":12,"column":4},"end":{"line":13,"column":70}},"type":"if","locations":[{"start":{"line":12,"column":4},"end":{"line":13,"column":70}},{"start":{},"end":{}}],"line":12},"1":{"loc":{"start":{"line":53,"column":4},"end":{"line":53,"column":79}},"type":"if","locations":[{"start":{"line":53,"column":4},"end":{"line":53,"column":79}},{"start":{},"end":{}}],"line":53},"2":{"loc":{"start":{"line":57,"column":4},"end":{"line":58,"column":70}},"type":"if","locations":[{"start":{"line":57,"column":4},"end":{"line":58,"column":70}},{"start":{},"end":{}}],"line":57},"3":{"loc":{"start":{"line":96,"column":4},"end":{"line":96,"column":74}},"type":"if","locations":[{"start":{"line":96,"column":4},"end":{"line":96,"column":74}},{"start":{},"end":{}}],"line":96}},"s":{"0":5,"1":8,"2":8,"3":8,"4":8,"5":2,"6":6,"7":6,"8":6,"9":6,"10":6,"11":6,"12":6,"13":0,"14":0,"15":5,"16":4,"17":4,"18":4,"19":4,"20":0,"21":4,"22":4,"23":2,"24":2,"25":2,"26":2,"27":2,"28":0,"29":0,"30":5,"31":2,"32":2,"33":5,"34":2,"35":2,"36":2,"37":0,"38":2,"39":0,"40":0},"f":{"0":8,"1":4,"2":2,"3":2},"b":{"0":[2,6],"1":[0,4],"2":[2,2],"3":[0,2]},"_coverageSchema":"1a1c01bbd47fc00a2c39e90264f33305004495a9","hash":"a12a6920523893a0aea1a67dd63a0d7deb3766f2"}
,"/Users/ramzikarkoub/Desktop/Dev/perScholas/Capstone/cs_backend/controllers/post.controller.js": {"path":"/Users/ramzikarkoub/Desktop/Dev/perScholas/Capstone/cs_backend/controllers/post.controller.js","statementMap":{"0":{"start":{"line":5,"column":19},"end":{"line":11,"column":1}},"1":{"start":{"line":6,"column":2},"end":{"line":10,"column":3}},"2":{"start":{"line":7,"column":4},"end":{"line":7,"column":28}},"3":{"start":{"line":9,"column":4},"end":{"line":9,"column":51}},"4":{"start":{"line":14,"column":24},"end":{"line":37,"column":1}},"5":{"start":{"line":15,"column":2},"end":{"line":36,"column":3}},"6":{"start":{"line":16,"column":70},"end":{"line":16,"column":79}},"7":{"start":{"line":18,"column":20},"end":{"line":18,"column":22}},"8":{"start":{"line":20,"column":4},"end":{"line":20,"column":69}},"9":{"start":{"line":20,"column":18},"end":{"line":20,"column":69}},"10":{"start":{"line":21,"column":4},"end":{"line":21,"column":52}},"11":{"start":{"line":21,"column":32},"end":{"line":21,"column":52}},"12":{"start":{"line":22,"column":4},"end":{"line":22,"column":68}},"13":{"start":{"line":22,"column":40},"end":{"line":22,"column":68}},"14":{"start":{"line":23,"column":4},"end":{"line":23,"column":61}},"15":{"start":{"line":23,"column":18},"end":{"line":23,"column":61}},"16":{"start":{"line":24,"column":4},"end":{"line":24,"column":79}},"17":{"start":{"line":24,"column":18},"end":{"line":24,"column":79}},"18":{"start":{"line":25,"column":4},"end":{"line":25,"column":51}},"19":{"start":{"line":25,"column":17},"end":{"line":25,"column":51}},"20":{"start":{"line":27,"column":18},"end":{"line":27,"column":66}},"21":{"start":{"line":29,"column":4},"end":{"line":30,"column":71}},"22":{"start":{"line":30,"column":6},"end":{"line":30,"column":71}},"23":{"start":{"line":32,"column":4},"end":{"line":32,"column":32}},"24":{"start":{"line":34,"column":4},"end":{"line":34,"column":50}},"25":{"start":{"line":35,"column":4},"end":{"line":35,"column":54}},"26":{"start":{"line":40,"column":23},"end":{"line":52,"column":1}},"27":{"start":{"line":41,"column":17},"end":{"line":41,"column":27}},"28":{"start":{"line":43,"column":2},"end":{"line":51,"column":3}},"29":{"start":{"line":44,"column":17},"end":{"line":44,"column":77}},"30":{"start":{"line":45,"column":4},"end":{"line":45,"column":74}},"31":{"start":{"line":45,"column":15},"end":{"line":45,"column":74}},"32":{"start":{"line":47,"column":4},"end":{"line":47,"column":31}},"33":{"start":{"line":49,"column":4},"end":{"line":49,"column":49}},"34":{"start":{"line":50,"column":4},"end":{"line":50,"column":54}},"35":{"start":{"line":55,"column":28},"end":{"line":77,"column":1}},"36":{"start":{"line":56,"column":2},"end":{"line":76,"column":3}},"37":{"start":{"line":57,"column":70},"end":{"line":57,"column":79}},"38":{"start":{"line":58,"column":19},"end":{"line":58,"column":31}},"39":{"start":{"line":59,"column":4},"end":{"line":59,"column":74}},"40":{"start":{"line":59,"column":17},"end":{"line":59,"column":74}},"41":{"start":{"line":61,"column":20},"end":{"line":61,"column":30}},"42":{"start":{"line":62,"column":4},"end":{"line":62,"column":69}},"43":{"start":{"line":62,"column":18},"end":{"line":62,"column":69}},"44":{"start":{"line":63,"column":4},"end":{"line":63,"column":52}},"45":{"start":{"line":63,"column":32},"end":{"line":63,"column":52}},"46":{"start":{"line":64,"column":4},"end":{"line":64,"column":68}},"47":{"start":{"line":64,"column":40},"end":{"line":64,"column":68}},"48":{"start":{"line":65,"column":4},"end":{"line":65,"column":61}},"49":{"start":{"line":65,"column":18},"end":{"line":65,"column":61}},"50":{"start":{"line":66,"column":4},"end":{"line":66,"column":79}},"51":{"start":{"line":66,"column":18},"end":{"line":66,"column":79}},"52":{"start":{"line":67,"column":4},"end":{"line":67,"column":51}},"53":{"start":{"line":67,"column":17},"end":{"line":67,"column":51}},"54":{"start":{"line":69,"column":18},"end":{"line":71,"column":30}},"55":{"start":{"line":73,"column":4},"end":{"line":73,"column":32}},"56":{"start":{"line":75,"column":4},"end":{"line":75,"column":54}},"57":{"start":{"line":80,"column":23},"end":{"line":119,"column":1}},"58":{"start":{"line":92,"column":6},"end":{"line":92,"column":14}},"59":{"start":{"line":94,"column":2},"end":{"line":118,"column":3}},"60":{"start":{"line":95,"column":20},"end":{"line":107,"column":6}},"61":{"start":{"line":109,"column":4},"end":{"line":109,"column":25}},"62":{"start":{"line":111,"column":4},"end":{"line":111,"column":23}},"63":{"start":{"line":113,"column":4},"end":{"line":115,"column":69}},"64":{"start":{"line":117,"column":4},"end":{"line":117,"column":54}},"65":{"start":{"line":122,"column":26},"end":{"line":142,"column":1}},"66":{"start":{"line":123,"column":17},"end":{"line":123,"column":27}},"67":{"start":{"line":125,"column":2},"end":{"line":141,"column":3}},"68":{"start":{"line":126,"column":24},"end":{"line":129,"column":6}},"69":{"start":{"line":131,"column":4},"end":{"line":132,"column":65}},"70":{"start":{"line":132,"column":6},"end":{"line":132,"column":65}},"71":{"start":{"line":134,"column":4},"end":{"line":134,"column":23}},"72":{"start":{"line":136,"column":4},"end":{"line":138,"column":73}},"73":{"start":{"line":140,"column":4},"end":{"line":140,"column":54}},"74":{"start":{"line":145,"column":26},"end":{"line":167,"column":1}},"75":{"start":{"line":146,"column":17},"end":{"line":146,"column":27}},"76":{"start":{"line":148,"column":2},"end":{"line":166,"column":3}},"77":{"start":{"line":149,"column":17},"end":{"line":149,"column":40}},"78":{"start":{"line":150,"column":4},"end":{"line":150,"column":74}},"79":{"start":{"line":150,"column":15},"end":{"line":150,"column":74}},"80":{"start":{"line":152,"column":4},"end":{"line":157,"column":6}},"81":{"start":{"line":154,"column":25},"end":{"line":154,"column":59}},"82":{"start":{"line":155,"column":8},"end":{"line":155,"column":53}},"83":{"start":{"line":159,"column":4},"end":{"line":159,"column":27}},"84":{"start":{"line":161,"column":4},"end":{"line":161,"column":23}},"85":{"start":{"line":163,"column":4},"end":{"line":163,"column":67}},"86":{"start":{"line":165,"column":4},"end":{"line":165,"column":54}}},"fnMap":{"0":{"name":"(anonymous_0)","decl":{"start":{"line":5,"column":19},"end":{"line":5,"column":20}},"loc":{"start":{"line":5,"column":31},"end":{"line":11,"column":1}},"line":5},"1":{"name":"(anonymous_1)","decl":{"start":{"line":14,"column":24},"end":{"line":14,"column":25}},"loc":{"start":{"line":14,"column":44},"end":{"line":37,"column":1}},"line":14},"2":{"name":"(anonymous_2)","decl":{"start":{"line":40,"column":23},"end":{"line":40,"column":24}},"loc":{"start":{"line":40,"column":43},"end":{"line":52,"column":1}},"line":40},"3":{"name":"(anonymous_3)","decl":{"start":{"line":55,"column":28},"end":{"line":55,"column":29}},"loc":{"start":{"line":55,"column":48},"end":{"line":77,"column":1}},"line":55},"4":{"name":"(anonymous_4)","decl":{"start":{"line":80,"column":23},"end":{"line":80,"column":24}},"loc":{"start":{"line":80,"column":43},"end":{"line":119,"column":1}},"line":80},"5":{"name":"(anonymous_5)","decl":{"start":{"line":122,"column":26},"end":{"line":122,"column":27}},"loc":{"start":{"line":122,"column":46},"end":{"line":142,"column":1}},"line":122},"6":{"name":"(anonymous_6)","decl":{"start":{"line":145,"column":26},"end":{"line":145,"column":27}},"loc":{"start":{"line":145,"column":46},"end":{"line":167,"column":1}},"line":145},"7":{"name":"(anonymous_7)","decl":{"start":{"line":153,"column":22},"end":{"line":153,"column":23}},"loc":{"start":{"line":153,"column":31},"end":{"line":156,"column":7}},"line":153}},"branchMap":{"0":{"loc":{"start":{"line":20,"column":4},"end":{"line":20,"column":69}},"type":"if","locations":[{"start":{"line":20,"column":4},"end":{"line":20,"column":69}},{"start":{},"end":{}}],"line":20},"1":{"loc":{"start":{"line":21,"column":4},"end":{"line":21,"column":52}},"type":"if","locations":[{"start":{"line":21,"column":4},"end":{"line":21,"column":52}},{"start":{},"end":{}}],"line":21},"2":{"loc":{"start":{"line":21,"column":8},"end":{"line":21,"column":30}},"type":"binary-expr","locations":[{"start":{"line":21,"column":8},"end":{"line":21,"column":12}},{"start":{"line":21,"column":16},"end":{"line":21,"column":30}}],"line":21},"3":{"loc":{"start":{"line":22,"column":4},"end":{"line":22,"column":68}},"type":"if","locations":[{"start":{"line":22,"column":4},"end":{"line":22,"column":68}},{"start":{},"end":{}}],"line":22},"4":{"loc":{"start":{"line":22,"column":8},"end":{"line":22,"column":38}},"type":"binary-expr","locations":[{"start":{"line":22,"column":8},"end":{"line":22,"column":16}},{"start":{"line":22,"column":20},"end":{"line":22,"column":38}}],"line":22},"5":{"loc":{"start":{"line":23,"column":4},"end":{"line":23,"column":61}},"type":"if","locations":[{"start":{"line":23,"column":4},"end":{"line":23,"column":61}},{"start":{},"end":{}}],"line":23},"6":{"loc":{"start":{"line":24,"column":4},"end":{"line":24,"column":79}},"type":"if","locations":[{"start":{"line":24,"column":4},"end":{"line":24,"column":79}},{"start":{},"end":{}}],"line":24},"7":{"loc":{"start":{"line":25,"column":4},"end":{"line":25,"column":51}},"type":"if","locations":[{"start":{"line":25,"column":4},"end":{"line":25,"column":51}},{"start":{},"end":{}}],"line":25},"8":{"loc":{"start":{"line":29,"column":4},"end":{"line":30,"column":71}},"type":"if","locations":[{"start":{"line":29,"column":4},"end":{"line":30,"column":71}},{"start":{},"end":{}}],"line":29},"9":{"loc":{"start":{"line":45,"column":4},"end":{"line":45,"column":74}},"type":"if","locations":[{"start":{"line":45,"column":4},"end":{"line":45,"column":74}},{"start":{},"end":{}}],"line":45},"10":{"loc":{"start":{"line":59,"column":4},"end":{"line":59,"column":74}},"type":"if","locations":[{"start":{"line":59,"column":4},"end":{"line":59,"column":74}},{"start":{},"end":{}}],"line":59},"11":{"loc":{"start":{"line":62,"column":4},"end":{"line":62,"column":69}},"type":"if","locations":[{"start":{"line":62,"column":4},"end":{"line":62,"column":69}},{"start":{},"end":{}}],"line":62},"12":{"loc":{"start":{"line":63,"column":4},"end":{"line":63,"column":52}},"type":"if","locations":[{"start":{"line":63,"column":4},"end":{"line":63,"column":52}},{"start":{},"end":{}}],"line":63},"13":{"loc":{"start":{"line":63,"column":8},"end":{"line":63,"column":30}},"type":"binary-expr","locations":[{"start":{"line":63,"column":8},"end":{"line":63,"column":12}},{"start":{"line":63,"column":16},"end":{"line":63,"column":30}}],"line":63},"14":{"loc":{"start":{"line":64,"column":4},"end":{"line":64,"column":68}},"type":"if","locations":[{"start":{"line":64,"column":4},"end":{"line":64,"column":68}},{"start":{},"end":{}}],"line":64},"15":{"loc":{"start":{"line":64,"column":8},"end":{"line":64,"column":38}},"type":"binary-expr","locations":[{"start":{"line":64,"column":8},"end":{"line":64,"column":16}},{"start":{"line":64,"column":20},"end":{"line":64,"column":38}}],"line":64},"16":{"loc":{"start":{"line":65,"column":4},"end":{"line":65,"column":61}},"type":"if","locations":[{"start":{"line":65,"column":4},"end":{"line":65,"column":61}},{"start":{},"end":{}}],"line":65},"17":{"loc":{"start":{"line":66,"column":4},"end":{"line":66,"column":79}},"type":"if","locations":[{"start":{"line":66,"column":4},"end":{"line":66,"column":79}},{"start":{},"end":{}}],"line":66},"18":{"loc":{"start":{"line":67,"column":4},"end":{"line":67,"column":51}},"type":"if","locations":[{"start":{"line":67,"column":4},"end":{"line":67,"column":51}},{"start":{},"end":{}}],"line":67},"19":{"loc":{"start":{"line":131,"column":4},"end":{"line":132,"column":65}},"type":"if","locations":[{"start":{"line":131,"column":4},"end":{"line":132,"column":65}},{"start":{},"end":{}}],"line":131},"20":{"loc":{"start":{"line":150,"column":4},"end":{"line":150,"column":74}},"type":"if","locations":[{"start":{"line":150,"column":4},"end":{"line":150,"column":74}},{"start":{},"end":{}}],"line":150}},"s":{"0":5,"1":4,"2":4,"3":0,"4":5,"5":4,"6":4,"7":4,"8":4,"9":0,"10":4,"11":0,"12":4,"13":0,"14":4,"15":0,"16":4,"17":0,"18":4,"19":0,"20":4,"21":4,"22":2,"23":2,"24":0,"25":0,"26":5,"27":1,"28":1,"29":1,"30":1,"31":0,"32":1,"33":0,"34":0,"35":5,"36":1,"37":1,"38":1,"39":1,"40":0,"41":1,"42":1,"43":0,"44":1,"45":0,"46":1,"47":0,"48":1,"49":0,"50":1,"51":0,"52":1,"53":0,"54":1,"55":1,"56":0,"57":5,"58":2,"59":2,"60":2,"61":2,"62":2,"63":2,"64":0,"65":5,"66":1,"67":1,"68":1,"69":1,"70":0,"71":1,"72":1,"73":0,"74":5,"75":1,"76":1,"77":1,"78":1,"79":0,"80":1,"81":0,"82":0,"83":1,"84":1,"85":1,"86":0},"f":{"0":4,"1":4,"2":1,"3":1,"4":2,"5":1,"6":1,"7":0},"b":{"0":[0,4],"1":[0,4],"2":[4,0],"3":[0,4],"4":[4,0],"5":[0,4],"6":[0,4],"7":[0,4],"8":[2,2],"9":[0,1],"10":[0,1],"11":[0,1],"12":[0,1],"13":[1,0],"14":[0,1],"15":[1,0],"16":[0,1],"17":[0,1],"18":[0,1],"19":[0,1],"20":[0,1]},"_coverageSchema":"1a1c01bbd47fc00a2c39e90264f33305004495a9","hash":"3a249098a8a31b71ffdf2aba5430b0606aacd4cf"}
,"/Users/ramzikarkoub/Desktop/Dev/perScholas/Capstone/cs_backend/middleware/auth.js": {"path":"/Users/ramzikarkoub/Desktop/Dev/perScholas/Capstone/cs_backend/middleware/auth.js","statementMap":{"0":{"start":{"line":3,"column":27},"end":{"line":15,"column":1}},"1":{"start":{"line":4,"column":2},"end":{"line":14,"column":3}},"2":{"start":{"line":5,"column":18},"end":{"line":5,"column":35}},"3":{"start":{"line":7,"column":4},"end":{"line":7,"column":74}},"4":{"start":{"line":7,"column":16},"end":{"line":7,"column":74}},"5":{"start":{"line":9,"column":21},"end":{"line":9,"column":62}},"6":{"start":{"line":10,"column":4},"end":{"line":10,"column":24}},"7":{"start":{"line":11,"column":4},"end":{"line":11,"column":11}},"8":{"start":{"line":13,"column":4},"end":{"line":13,"column":55}}},"fnMap":{"0":{"name":"(anonymous_0)","decl":{"start":{"line":3,"column":27},"end":{"line":3,"column":28}},"loc":{"start":{"line":3,"column":47},"end":{"line":15,"column":1}},"line":3}},"branchMap":{"0":{"loc":{"start":{"line":7,"column":4},"end":{"line":7,"column":74}},"type":"if","locations":[{"start":{"line":7,"column":4},"end":{"line":7,"column":74}},{"start":{},"end":{}}],"line":7}},"s":{"0":6,"1":14,"2":14,"3":14,"4":5,"5":9,"6":8,"7":8,"8":1},"f":{"0":14},"b":{"0":[5,9]},"_coverageSchema":"1a1c01bbd47fc00a2c39e90264f33305004495a9","hash":"89aa9c219f1332627909e5195489d26e8341e544"}
,"/Users/ramzikarkoub/Desktop/Dev/perScholas/Capstone/cs_backend/middleware/cacheMiddleware.js": {"path":"/Users/ramzikarkoub/Desktop/Dev/perScholas/Capstone/cs_backend/middleware/cacheMiddleware.js","statementMap":{"0":{"start":{"line":3,"column":26},"end":{"line":25,"column":1}},"1":{"start":{"line":4,"column":2},"end":{"line":24,"column":3}},"2":{"start":{"line":5,"column":21},"end":{"line":5,"column":57}},"3":{"start":{"line":7,"column":23},"end":{"line":7,"column":49}},"4":{"start":{"line":9,"column":4},"end":{"line":12,"column":5}},"5":{"start":{"line":10,"column":6},"end":{"line":10,"column":46}},"6":{"start":{"line":11,"column":6},"end":{"line":11,"column":58}},"7":{"start":{"line":14,"column":4},"end":{"line":14,"column":32}},"8":{"start":{"line":15,"column":4},"end":{"line":18,"column":6}},"9":{"start":{"line":16,"column":6},"end":{"line":16,"column":63}},"10":{"start":{"line":17,"column":6},"end":{"line":17,"column":29}},"11":{"start":{"line":20,"column":4},"end":{"line":20,"column":11}},"12":{"start":{"line":22,"column":4},"end":{"line":22,"column":52}},"13":{"start":{"line":23,"column":4},"end":{"line":23,"column":11}}},"fnMap":{"0":{"name":"(anonymous_0)","decl":{"start":{"line":3,"column":26},"end":{"line":3,"column":27}},"loc":{"start":{"line":3,"column":52},"end":{"line":25,"column":1}},"line":3},"1":{"name":"(anonymous_1)","decl":{"start":{"line":15,"column":15},"end":{"line":15,"column":16}},"loc":{"start":{"line":15,"column":31},"end":{"line":18,"column":5}},"line":15}},"branchMap":{"0":{"loc":{"start":{"line":9,"column":4},"end":{"line":12,"column":5}},"type":"if","locations":[{"start":{"line":9,"column":4},"end":{"line":12,"column":5}},{"start":{},"end":{}}],"line":9}},"s":{"0":5,"1":4,"2":4,"3":4,"4":4,"5":0,"6":0,"7":4,"8":4,"9":4,"10":4,"11":4,"12":0,"13":0},"f":{"0":4,"1":4},"b":{"0":[0,4]},"_coverageSchema":"1a1c01bbd47fc00a2c39e90264f33305004495a9","hash":"06b10f4791c4e27e736b6038a3f9765131268d14"}
,"/Users/ramzikarkoub/Desktop/Dev/perScholas/Capstone/cs_backend/models/post.model.js": {"path":"/Users/ramzikarkoub/Desktop/Dev/perScholas/Capstone/cs_backend/models/post.model.js","statementMap":{"0":{"start":{"line":3,"column":13},"end":{"line":3,"column":28}},"1":{"start":{"line":4,"column":17},"end":{"line":4,"column":56}},"2":{"start":{"line":6,"column":19},"end":{"line":30,"column":1}},"3":{"start":{"line":33,"column":0},"end":{"line":33,"column":67}},"4":{"start":{"line":34,"column":0},"end":{"line":34,"column":43}},"5":{"start":{"line":35,"column":0},"end":{"line":35,"column":31}},"6":{"start":{"line":36,"column":0},"end":{"line":36,"column":36}},"7":{"start":{"line":37,"column":0},"end":{"line":37,"column":32}},"8":{"start":{"line":39,"column":13},"end":{"line":39,"column":47}}},"fnMap":{},"branchMap":{},"s":{"0":5,"1":5,"2":5,"3":5,"4":5,"5":5,"6":5,"7":5,"8":5},"f":{},"b":{},"_coverageSchema":"1a1c01bbd47fc00a2c39e90264f33305004495a9","hash":"0ec1d076e127f86ad79f2b7cc60848f2419b5008"}
,"/Users/ramzikarkoub/Desktop/Dev/perScholas/Capstone/cs_backend/models/user.model.js": {"path":"/Users/ramzikarkoub/Desktop/Dev/perScholas/Capstone/cs_backend/models/user.model.js","statementMap":{"0":{"start":{"line":3,"column":19},"end":{"line":12,"column":1}},"1":{"start":{"line":14,"column":13},"end":{"line":14,"column":47}}},"fnMap":{},"branchMap":{},"s":{"0":5,"1":5},"f":{},"b":{},"_coverageSchema":"1a1c01bbd47fc00a2c39e90264f33305004495a9","hash":"e2a1e721e144e371b433ab742dacac1cb60fe754"}
,"/Users/ramzikarkoub/Desktop/Dev/perScholas/Capstone/cs_backend/routes/auth.route.js": {"path":"/Users/ramzikarkoub/Desktop/Dev/perScholas/Capstone/cs_backend/routes/auth.route.js","statementMap":{"0":{"start":{"line":9,"column":15},"end":{"line":9,"column":31}},"1":{"start":{"line":11,"column":0},"end":{"line":11,"column":35}},"2":{"start":{"line":12,"column":0},"end":{"line":12,"column":29}},"3":{"start":{"line":13,"column":0},"end":{"line":13,"column":31}},"4":{"start":{"line":14,"column":0},"end":{"line":14,"column":38}}},"fnMap":{},"branchMap":{},"s":{"0":5,"1":5,"2":5,"3":5,"4":5},"f":{},"b":{},"_coverageSchema":"1a1c01bbd47fc00a2c39e90264f33305004495a9","hash":"2dac8b0be3719c79b77cca2d40eee39b8212dd00"}
,"/Users/ramzikarkoub/Desktop/Dev/perScholas/Capstone/cs_backend/routes/post.route.js": {"path":"/Users/ramzikarkoub/Desktop/Dev/perScholas/Capstone/cs_backend/routes/post.route.js","statementMap":{"0":{"start":{"line":11,"column":15},"end":{"line":11,"column":31}},"1":{"start":{"line":14,"column":0},"end":{"line":14,"column":38}},"2":{"start":{"line":15,"column":0},"end":{"line":15,"column":47}},"3":{"start":{"line":16,"column":0},"end":{"line":16,"column":28}},"4":{"start":{"line":17,"column":0},"end":{"line":17,"column":39}},"5":{"start":{"line":18,"column":0},"end":{"line":18,"column":44}},"6":{"start":{"line":19,"column":0},"end":{"line":19,"column":47}}},"fnMap":{},"branchMap":{},"s":{"0":5,"1":5,"2":5,"3":5,"4":5,"5":5,"6":5},"f":{},"b":{},"_coverageSchema":"1a1c01bbd47fc00a2c39e90264f33305004495a9","hash":"c64de0b94c5afd858bd9778022b09b5f3568156a"}
,"/Users/ramzikarkoub/Desktop/Dev/perScholas/Capstone/cs_backend/utils/cache.js": {"path":"/Users/ramzikarkoub/Desktop/Dev/perScholas/Capstone/cs_backend/utils/cache.js","statementMap":{"0":{"start":{"line":3,"column":0},"end":{"line":3,"column":16}},"1":{"start":{"line":5,"column":15},"end":{"line":7,"column":2}},"2":{"start":{"line":9,"column":0},"end":{"line":14,"column":1}},"3":{"start":{"line":10,"column":2},"end":{"line":13,"column":69}},"4":{"start":{"line":12,"column":16},"end":{"line":12,"column":61}},"5":{"start":{"line":13,"column":20},"end":{"line":13,"column":67}}},"fnMap":{"0":{"name":"(anonymous_0)","decl":{"start":{"line":12,"column":10},"end":{"line":12,"column":11}},"loc":{"start":{"line":12,"column":16},"end":{"line":12,"column":61}},"line":12},"1":{"name":"(anonymous_1)","decl":{"start":{"line":13,"column":11},"end":{"line":13,"column":12}},"loc":{"start":{"line":13,"column":20},"end":{"line":13,"column":67}},"line":13}},"branchMap":{"0":{"loc":{"start":{"line":6,"column":7},"end":{"line":6,"column":56}},"type":"binary-expr","locations":[{"start":{"line":6,"column":7},"end":{"line":6,"column":28}},{"start":{"line":6,"column":32},"end":{"line":6,"column":56}}],"line":6},"1":{"loc":{"start":{"line":9,"column":0},"end":{"line":14,"column":1}},"type":"if","locations":[{"start":{"line":9,"column":0},"end":{"line":14,"column":1}},{"start":{},"end":{}}],"line":9}},"s":{"0":2,"1":2,"2":2,"3":0,"4":0,"5":0},"f":{"0":0,"1":0},"b":{"0":[2,2],"1":[0,2]},"_coverageSchema":"1a1c01bbd47fc00a2c39e90264f33305004495a9","hash":"885a260e804355170989806d4ceba4d70f33292f"}
,"/Users/ramzikarkoub/Desktop/Dev/perScholas/Capstone/cs_backend/utils/cloudinary.js": {"path":"/Users/ramzikarkoub/Desktop/Dev/perScholas/Capstone/cs_backend/utils/cloudinary.js","statementMap":{"0":{"start":{"line":4,"column":0},"end":{"line":4,"column":16}},"1":{"start":{"line":6,"column":0},"end":{"line":10,"column":3}}},"fnMap":{},"branchMap":{},"s":{"0":5,"1":5},"f":{},"b":{},"_coverageSchema":"1a1c01bbd47fc00a2c39e90264f33305004495a9","hash":"29df9a85a2a9fc83f0a03b48964faf7c7844d28d"}
}
