{"/Users/ramzikarkoub/Desktop/Dev/perScholas/Capstone/cs_backend/app.js": {"path":"/Users/ramzikarkoub/Desktop/Dev/perScholas/Capstone/cs_backend/app.js","statementMap":{"0":{"start":{"line":10,"column":0},"end":{"line":10,"column":16}},"1":{"start":{"line":11,"column":0},"end":{"line":11,"column":12}},"2":{"start":{"line":13,"column":12},"end":{"line":13,"column":21}},"3":{"start":{"line":16,"column":0},"end":{"line":16,"column":24}},"4":{"start":{"line":17,"column":0},"end":{"line":17,"column":24}},"5":{"start":{"line":18,"column":0},"end":{"line":18,"column":23}},"6":{"start":{"line":19,"column":0},"end":{"line":37,"column":2}},"7":{"start":{"line":40,"column":0},"end":{"line":40,"column":32}},"8":{"start":{"line":41,"column":0},"end":{"line":41,"column":33}},"9":{"start":{"line":44,"column":0},"end":{"line":49,"column":1}},"10":{"start":{"line":45,"column":15},"end":{"line":45,"column":39}},"11":{"start":{"line":46,"column":2},"end":{"line":48,"column":5}},"12":{"start":{"line":47,"column":4},"end":{"line":47,"column":53}}},"fnMap":{"0":{"name":"(anonymous_0)","decl":{"start":{"line":46,"column":28},"end":{"line":46,"column":29}},"loc":{"start":{"line":46,"column":34},"end":{"line":48,"column":3}},"line":46}},"branchMap":{"0":{"loc":{"start":{"line":44,"column":0},"end":{"line":49,"column":1}},"type":"if","locations":[{"start":{"line":44,"column":0},"end":{"line":49,"column":1}},{"start":{},"end":{}}],"line":44},"1":{"loc":{"start":{"line":45,"column":15},"end":{"line":45,"column":39}},"type":"binary-expr","locations":[{"start":{"line":45,"column":15},"end":{"line":45,"column":31}},{"start":{"line":45,"column":35},"end":{"line":45,"column":39}}],"line":45}},"s":{"0":3,"1":3,"2":3,"3":3,"4":3,"5":3,"6":3,"7":3,"8":3,"9":3,"10":0,"11":0,"12":0},"f":{"0":0},"b":{"0":[0,3],"1":[0,0]},"_coverageSchema":"1a1c01bbd47fc00a2c39e90264f33305004495a9","hash":"eb5453336cbdffafc3b9d412c9251cf4dd247ec9"}
,"/Users/ramzikarkoub/Desktop/Dev/perScholas/Capstone/cs_backend/config/db.js": {"path":"/Users/ramzikarkoub/Desktop/Dev/perScholas/Capstone/cs_backend/config/db.js","statementMap":{"0":{"start":{"line":4,"column":0},"end":{"line":4,"column":16}},"1":{"start":{"line":6,"column":18},"end":{"line":16,"column":1}},"2":{"start":{"line":7,"column":2},"end":{"line":15,"column":3}},"3":{"start":{"line":8,"column":4},"end":{"line":14,"column":5}},"4":{"start":{"line":9,"column":6},"end":{"line":9,"column":52}},"5":{"start":{"line":10,"column":6},"end":{"line":10,"column":42}},"6":{"start":{"line":12,"column":6},"end":{"line":12,"column":64}},"7":{"start":{"line":13,"column":6},"end":{"line":13,"column":22}}},"fnMap":{"0":{"name":"(anonymous_0)","decl":{"start":{"line":6,"column":18},"end":{"line":6,"column":19}},"loc":{"start":{"line":6,"column":30},"end":{"line":16,"column":1}},"line":6}},"branchMap":{"0":{"loc":{"start":{"line":7,"column":2},"end":{"line":15,"column":3}},"type":"if","locations":[{"start":{"line":7,"column":2},"end":{"line":15,"column":3}},{"start":{},"end":{}}],"line":7}},"s":{"0":4,"1":4,"2":5,"3":1,"4":1,"5":1,"6":0,"7":0},"f":{"0":5},"b":{"0":[1,4]},"_coverageSchema":"1a1c01bbd47fc00a2c39e90264f33305004495a9","hash":"f149fbfdffb60f0f9ead51b31222661b502c972e"}
,"/Users/ramzikarkoub/Desktop/Dev/perScholas/Capstone/cs_backend/controllers/auth.controller.js": {"path":"/Users/ramzikarkoub/Desktop/Dev/perScholas/Capstone/cs_backend/controllers/auth.controller.js","statementMap":{"0":{"start":{"line":6,"column":24},"end":{"line":44,"column":1}},"1":{"start":{"line":7,"column":40},"end":{"line":7,"column":48}},"2":{"start":{"line":9,"column":2},"end":{"line":43,"column":3}},"3":{"start":{"line":11,"column":25},"end":{"line":11,"column":54}},"4":{"start":{"line":12,"column":4},"end":{"line":13,"column":70}},"5":{"start":{"line":13,"column":6},"end":{"line":13,"column":70}},"6":{"start":{"line":16,"column":27},"end":{"line":16,"column":58}},"7":{"start":{"line":19,"column":20},"end":{"line":19,"column":75}},"8":{"start":{"line":20,"column":4},"end":{"line":20,"column":25}},"9":{"start":{"line":21,"column":52},"end":{"line":21,"column":64}},"10":{"start":{"line":24,"column":18},"end":{"line":26,"column":6}},"11":{"start":{"line":29,"column":4},"end":{"line":34,"column":7}},"12":{"start":{"line":37,"column":4},"end":{"line":39,"column":73}},"13":{"start":{"line":41,"column":4},"end":{"line":41,"column":54}},"14":{"start":{"line":42,"column":4},"end":{"line":42,"column":54}},"15":{"start":{"line":47,"column":21},"end":{"line":79,"column":1}},"16":{"start":{"line":48,"column":30},"end":{"line":48,"column":38}},"17":{"start":{"line":50,"column":2},"end":{"line":78,"column":3}},"18":{"start":{"line":52,"column":17},"end":{"line":52,"column":46}},"19":{"start":{"line":53,"column":4},"end":{"line":53,"column":79}},"20":{"start":{"line":53,"column":15},"end":{"line":53,"column":79}},"21":{"start":{"line":56,"column":20},"end":{"line":56,"column":65}},"22":{"start":{"line":57,"column":4},"end":{"line":58,"column":70}},"23":{"start":{"line":58,"column":6},"end":{"line":58,"column":70}},"24":{"start":{"line":61,"column":18},"end":{"line":63,"column":6}},"25":{"start":{"line":66,"column":4},"end":{"line":71,"column":7}},"26":{"start":{"line":73,"column":52},"end":{"line":73,"column":61}},"27":{"start":{"line":74,"column":4},"end":{"line":74,"column":35}},"28":{"start":{"line":76,"column":4},"end":{"line":76,"column":49}},"29":{"start":{"line":77,"column":4},"end":{"line":77,"column":54}},"30":{"start":{"line":82,"column":22},"end":{"line":90,"column":1}},"31":{"start":{"line":83,"column":2},"end":{"line":87,"column":5}},"32":{"start":{"line":89,"column":2},"end":{"line":89,"column":57}},"33":{"start":{"line":93,"column":21},"end":{"line":102,"column":1}},"34":{"start":{"line":94,"column":2},"end":{"line":101,"column":3}},"35":{"start":{"line":95,"column":17},"end":{"line":95,"column":69}},"36":{"start":{"line":96,"column":4},"end":{"line":96,"column":74}},"37":{"start":{"line":96,"column":15},"end":{"line":96,"column":74}},"38":{"start":{"line":97,"column":4},"end":{"line":97,"column":19}},"39":{"start":{"line":99,"column":4},"end":{"line":99,"column":56}},"40":{"start":{"line":100,"column":4},"end":{"line":100,"column":54}}},"fnMap":{"0":{"name":"(anonymous_0)","decl":{"start":{"line":6,"column":24},"end":{"line":6,"column":25}},"loc":{"start":{"line":6,"column":44},"end":{"line":44,"column":1}},"line":6},"1":{"name":"(anonymous_1)","decl":{"start":{"line":47,"column":21},"end":{"line":47,"column":22}},"loc":{"start":{"line":47,"column":41},"end":{"line":79,"column":1}},"line":47},"2":{"name":"(anonymous_2)","decl":{"start":{"line":82,"column":22},"end":{"line":82,"column":23}},"loc":{"start":{"line":82,"column":36},"end":{"line":90,"column":1}},"line":82},"3":{"name":"(anonymous_3)","decl":{"start":{"line":93,"column":21},"end":{"line":93,"column":22}},"loc":{"start":{"line":93,"column":41},"end":{"line":102,"column":1}},"line":93}},"branchMap":{"0":{"loc":{"start":{"line":12,"column":4},"end":{"line":13,"column":70}},"type":"if","locations":[{"start":{"line":12,"column":4},"end":{"line":13,"column":70}},{"start":{},"end":{}}],"line":12},"1":{"loc":{"start":{"line":53,"column":4},"end":{"line":53,"column":79}},"type":"if","locations":[{"start":{"line":53,"column":4},"end":{"line":53,"column":79}},{"start":{},"end":{}}],"line":53},"2":{"loc":{"start":{"line":57,"column":4},"end":{"line":58,"column":70}},"type":"if","locations":[{"start":{"line":57,"column":4},"end":{"line":58,"column":70}},{"start":{},"end":{}}],"line":57},"3":{"loc":{"start":{"line":96,"column":4},"end":{"line":96,"column":74}},"type":"if","locations":[{"start":{"line":96,"column":4},"end":{"line":96,"column":74}},{"start":{},"end":{}}],"line":96}},"s":{"0":3,"1":2,"2":2,"3":2,"4":2,"5":1,"6":1,"7":1,"8":1,"9":1,"10":1,"11":1,"12":1,"13":0,"14":0,"15":3,"16":2,"17":2,"18":2,"19":2,"20":0,"21":2,"22":2,"23":1,"24":1,"25":1,"26":1,"27":1,"28":0,"29":0,"30":3,"31":1,"32":1,"33":3,"34":2,"35":2,"36":2,"37":0,"38":2,"39":0,"40":0},"f":{"0":2,"1":2,"2":1,"3":2},"b":{"0":[1,1],"1":[0,2],"2":[1,1],"3":[0,2]},"_coverageSchema":"1a1c01bbd47fc00a2c39e90264f33305004495a9","hash":"a12a6920523893a0aea1a67dd63a0d7deb3766f2"}
,"/Users/ramzikarkoub/Desktop/Dev/perScholas/Capstone/cs_backend/controllers/post.controller.js": {"path":"/Users/ramzikarkoub/Desktop/Dev/perScholas/Capstone/cs_backend/controllers/post.controller.js","statementMap":{"0":{"start":{"line":5,"column":24},"end":{"line":38,"column":1}},"1":{"start":{"line":6,"column":2},"end":{"line":37,"column":3}},"2":{"start":{"line":7,"column":70},"end":{"line":7,"column":79}},"3":{"start":{"line":9,"column":20},"end":{"line":9,"column":22}},"4":{"start":{"line":12,"column":4},"end":{"line":12,"column":69}},"5":{"start":{"line":12,"column":18},"end":{"line":12,"column":69}},"6":{"start":{"line":15,"column":4},"end":{"line":15,"column":52}},"7":{"start":{"line":15,"column":32},"end":{"line":15,"column":52}},"8":{"start":{"line":18,"column":4},"end":{"line":18,"column":68}},"9":{"start":{"line":18,"column":40},"end":{"line":18,"column":68}},"10":{"start":{"line":21,"column":4},"end":{"line":21,"column":61}},"11":{"start":{"line":21,"column":18},"end":{"line":21,"column":61}},"12":{"start":{"line":22,"column":4},"end":{"line":22,"column":79}},"13":{"start":{"line":22,"column":18},"end":{"line":22,"column":79}},"14":{"start":{"line":25,"column":4},"end":{"line":25,"column":51}},"15":{"start":{"line":25,"column":17},"end":{"line":25,"column":51}},"16":{"start":{"line":28,"column":18},"end":{"line":28,"column":66}},"17":{"start":{"line":30,"column":4},"end":{"line":31,"column":71}},"18":{"start":{"line":31,"column":6},"end":{"line":31,"column":71}},"19":{"start":{"line":33,"column":4},"end":{"line":33,"column":32}},"20":{"start":{"line":35,"column":4},"end":{"line":35,"column":50}},"21":{"start":{"line":36,"column":4},"end":{"line":36,"column":54}},"22":{"start":{"line":42,"column":23},"end":{"line":53,"column":1}},"23":{"start":{"line":43,"column":17},"end":{"line":43,"column":27}},"24":{"start":{"line":45,"column":2},"end":{"line":52,"column":3}},"25":{"start":{"line":46,"column":17},"end":{"line":46,"column":77}},"26":{"start":{"line":47,"column":4},"end":{"line":47,"column":74}},"27":{"start":{"line":47,"column":15},"end":{"line":47,"column":74}},"28":{"start":{"line":49,"column":4},"end":{"line":49,"column":31}},"29":{"start":{"line":51,"column":4},"end":{"line":51,"column":54}},"30":{"start":{"line":56,"column":28},"end":{"line":77,"column":1}},"31":{"start":{"line":57,"column":2},"end":{"line":76,"column":3}},"32":{"start":{"line":58,"column":70},"end":{"line":58,"column":79}},"33":{"start":{"line":59,"column":19},"end":{"line":59,"column":31}},"34":{"start":{"line":60,"column":4},"end":{"line":60,"column":74}},"35":{"start":{"line":60,"column":17},"end":{"line":60,"column":74}},"36":{"start":{"line":62,"column":20},"end":{"line":62,"column":30}},"37":{"start":{"line":63,"column":4},"end":{"line":63,"column":69}},"38":{"start":{"line":63,"column":18},"end":{"line":63,"column":69}},"39":{"start":{"line":64,"column":4},"end":{"line":64,"column":52}},"40":{"start":{"line":64,"column":32},"end":{"line":64,"column":52}},"41":{"start":{"line":65,"column":4},"end":{"line":65,"column":68}},"42":{"start":{"line":65,"column":40},"end":{"line":65,"column":68}},"43":{"start":{"line":66,"column":4},"end":{"line":66,"column":61}},"44":{"start":{"line":66,"column":18},"end":{"line":66,"column":61}},"45":{"start":{"line":67,"column":4},"end":{"line":67,"column":79}},"46":{"start":{"line":67,"column":18},"end":{"line":67,"column":79}},"47":{"start":{"line":68,"column":4},"end":{"line":68,"column":51}},"48":{"start":{"line":68,"column":17},"end":{"line":68,"column":51}},"49":{"start":{"line":70,"column":18},"end":{"line":72,"column":30}},"50":{"start":{"line":73,"column":4},"end":{"line":73,"column":32}},"51":{"start":{"line":75,"column":4},"end":{"line":75,"column":54}},"52":{"start":{"line":80,"column":23},"end":{"line":116,"column":1}},"53":{"start":{"line":92,"column":6},"end":{"line":92,"column":14}},"54":{"start":{"line":94,"column":2},"end":{"line":115,"column":3}},"55":{"start":{"line":95,"column":20},"end":{"line":107,"column":6}},"56":{"start":{"line":109,"column":4},"end":{"line":109,"column":25}},"57":{"start":{"line":110,"column":4},"end":{"line":112,"column":69}},"58":{"start":{"line":114,"column":4},"end":{"line":114,"column":54}},"59":{"start":{"line":119,"column":26},"end":{"line":136,"column":1}},"60":{"start":{"line":120,"column":17},"end":{"line":120,"column":27}},"61":{"start":{"line":122,"column":2},"end":{"line":135,"column":3}},"62":{"start":{"line":123,"column":24},"end":{"line":126,"column":6}},"63":{"start":{"line":128,"column":4},"end":{"line":129,"column":65}},"64":{"start":{"line":129,"column":6},"end":{"line":129,"column":65}},"65":{"start":{"line":130,"column":4},"end":{"line":132,"column":73}},"66":{"start":{"line":134,"column":4},"end":{"line":134,"column":54}},"67":{"start":{"line":140,"column":26},"end":{"line":160,"column":1}},"68":{"start":{"line":141,"column":17},"end":{"line":141,"column":27}},"69":{"start":{"line":143,"column":2},"end":{"line":159,"column":3}},"70":{"start":{"line":144,"column":17},"end":{"line":144,"column":40}},"71":{"start":{"line":145,"column":4},"end":{"line":145,"column":74}},"72":{"start":{"line":145,"column":15},"end":{"line":145,"column":74}},"73":{"start":{"line":148,"column":4},"end":{"line":153,"column":6}},"74":{"start":{"line":150,"column":25},"end":{"line":150,"column":59}},"75":{"start":{"line":151,"column":8},"end":{"line":151,"column":53}},"76":{"start":{"line":155,"column":4},"end":{"line":155,"column":27}},"77":{"start":{"line":156,"column":4},"end":{"line":156,"column":67}},"78":{"start":{"line":158,"column":4},"end":{"line":158,"column":54}}},"fnMap":{"0":{"name":"(anonymous_0)","decl":{"start":{"line":5,"column":24},"end":{"line":5,"column":25}},"loc":{"start":{"line":5,"column":44},"end":{"line":38,"column":1}},"line":5},"1":{"name":"(anonymous_1)","decl":{"start":{"line":42,"column":23},"end":{"line":42,"column":24}},"loc":{"start":{"line":42,"column":43},"end":{"line":53,"column":1}},"line":42},"2":{"name":"(anonymous_2)","decl":{"start":{"line":56,"column":28},"end":{"line":56,"column":29}},"loc":{"start":{"line":56,"column":48},"end":{"line":77,"column":1}},"line":56},"3":{"name":"(anonymous_3)","decl":{"start":{"line":80,"column":23},"end":{"line":80,"column":24}},"loc":{"start":{"line":80,"column":43},"end":{"line":116,"column":1}},"line":80},"4":{"name":"(anonymous_4)","decl":{"start":{"line":119,"column":26},"end":{"line":119,"column":27}},"loc":{"start":{"line":119,"column":46},"end":{"line":136,"column":1}},"line":119},"5":{"name":"(anonymous_5)","decl":{"start":{"line":140,"column":26},"end":{"line":140,"column":27}},"loc":{"start":{"line":140,"column":46},"end":{"line":160,"column":1}},"line":140},"6":{"name":"(anonymous_6)","decl":{"start":{"line":149,"column":22},"end":{"line":149,"column":23}},"loc":{"start":{"line":149,"column":31},"end":{"line":152,"column":7}},"line":149}},"branchMap":{"0":{"loc":{"start":{"line":12,"column":4},"end":{"line":12,"column":69}},"type":"if","locations":[{"start":{"line":12,"column":4},"end":{"line":12,"column":69}},{"start":{},"end":{}}],"line":12},"1":{"loc":{"start":{"line":15,"column":4},"end":{"line":15,"column":52}},"type":"if","locations":[{"start":{"line":15,"column":4},"end":{"line":15,"column":52}},{"start":{},"end":{}}],"line":15},"2":{"loc":{"start":{"line":15,"column":8},"end":{"line":15,"column":30}},"type":"binary-expr","locations":[{"start":{"line":15,"column":8},"end":{"line":15,"column":12}},{"start":{"line":15,"column":16},"end":{"line":15,"column":30}}],"line":15},"3":{"loc":{"start":{"line":18,"column":4},"end":{"line":18,"column":68}},"type":"if","locations":[{"start":{"line":18,"column":4},"end":{"line":18,"column":68}},{"start":{},"end":{}}],"line":18},"4":{"loc":{"start":{"line":18,"column":8},"end":{"line":18,"column":38}},"type":"binary-expr","locations":[{"start":{"line":18,"column":8},"end":{"line":18,"column":16}},{"start":{"line":18,"column":20},"end":{"line":18,"column":38}}],"line":18},"5":{"loc":{"start":{"line":21,"column":4},"end":{"line":21,"column":61}},"type":"if","locations":[{"start":{"line":21,"column":4},"end":{"line":21,"column":61}},{"start":{},"end":{}}],"line":21},"6":{"loc":{"start":{"line":22,"column":4},"end":{"line":22,"column":79}},"type":"if","locations":[{"start":{"line":22,"column":4},"end":{"line":22,"column":79}},{"start":{},"end":{}}],"line":22},"7":{"loc":{"start":{"line":25,"column":4},"end":{"line":25,"column":51}},"type":"if","locations":[{"start":{"line":25,"column":4},"end":{"line":25,"column":51}},{"start":{},"end":{}}],"line":25},"8":{"loc":{"start":{"line":30,"column":4},"end":{"line":31,"column":71}},"type":"if","locations":[{"start":{"line":30,"column":4},"end":{"line":31,"column":71}},{"start":{},"end":{}}],"line":30},"9":{"loc":{"start":{"line":47,"column":4},"end":{"line":47,"column":74}},"type":"if","locations":[{"start":{"line":47,"column":4},"end":{"line":47,"column":74}},{"start":{},"end":{}}],"line":47},"10":{"loc":{"start":{"line":60,"column":4},"end":{"line":60,"column":74}},"type":"if","locations":[{"start":{"line":60,"column":4},"end":{"line":60,"column":74}},{"start":{},"end":{}}],"line":60},"11":{"loc":{"start":{"line":63,"column":4},"end":{"line":63,"column":69}},"type":"if","locations":[{"start":{"line":63,"column":4},"end":{"line":63,"column":69}},{"start":{},"end":{}}],"line":63},"12":{"loc":{"start":{"line":64,"column":4},"end":{"line":64,"column":52}},"type":"if","locations":[{"start":{"line":64,"column":4},"end":{"line":64,"column":52}},{"start":{},"end":{}}],"line":64},"13":{"loc":{"start":{"line":64,"column":8},"end":{"line":64,"column":30}},"type":"binary-expr","locations":[{"start":{"line":64,"column":8},"end":{"line":64,"column":12}},{"start":{"line":64,"column":16},"end":{"line":64,"column":30}}],"line":64},"14":{"loc":{"start":{"line":65,"column":4},"end":{"line":65,"column":68}},"type":"if","locations":[{"start":{"line":65,"column":4},"end":{"line":65,"column":68}},{"start":{},"end":{}}],"line":65},"15":{"loc":{"start":{"line":65,"column":8},"end":{"line":65,"column":38}},"type":"binary-expr","locations":[{"start":{"line":65,"column":8},"end":{"line":65,"column":16}},{"start":{"line":65,"column":20},"end":{"line":65,"column":38}}],"line":65},"16":{"loc":{"start":{"line":66,"column":4},"end":{"line":66,"column":61}},"type":"if","locations":[{"start":{"line":66,"column":4},"end":{"line":66,"column":61}},{"start":{},"end":{}}],"line":66},"17":{"loc":{"start":{"line":67,"column":4},"end":{"line":67,"column":79}},"type":"if","locations":[{"start":{"line":67,"column":4},"end":{"line":67,"column":79}},{"start":{},"end":{}}],"line":67},"18":{"loc":{"start":{"line":68,"column":4},"end":{"line":68,"column":51}},"type":"if","locations":[{"start":{"line":68,"column":4},"end":{"line":68,"column":51}},{"start":{},"end":{}}],"line":68},"19":{"loc":{"start":{"line":128,"column":4},"end":{"line":129,"column":65}},"type":"if","locations":[{"start":{"line":128,"column":4},"end":{"line":129,"column":65}},{"start":{},"end":{}}],"line":128},"20":{"loc":{"start":{"line":145,"column":4},"end":{"line":145,"column":74}},"type":"if","locations":[{"start":{"line":145,"column":4},"end":{"line":145,"column":74}},{"start":{},"end":{}}],"line":145}},"s":{"0":3,"1":1,"2":1,"3":1,"4":1,"5":0,"6":1,"7":0,"8":1,"9":0,"10":1,"11":0,"12":1,"13":0,"14":1,"15":0,"16":1,"17":1,"18":0,"19":1,"20":0,"21":0,"22":3,"23":0,"24":0,"25":0,"26":0,"27":0,"28":0,"29":0,"30":3,"31":0,"32":0,"33":0,"34":0,"35":0,"36":0,"37":0,"38":0,"39":0,"40":0,"41":0,"42":0,"43":0,"44":0,"45":0,"46":0,"47":0,"48":0,"49":0,"50":0,"51":0,"52":3,"53":1,"54":1,"55":1,"56":1,"57":1,"58":0,"59":3,"60":0,"61":0,"62":0,"63":0,"64":0,"65":0,"66":0,"67":3,"68":0,"69":0,"70":0,"71":0,"72":0,"73":0,"74":0,"75":0,"76":0,"77":0,"78":0},"f":{"0":1,"1":0,"2":0,"3":1,"4":0,"5":0,"6":0},"b":{"0":[0,1],"1":[0,1],"2":[1,0],"3":[0,1],"4":[1,0],"5":[0,1],"6":[0,1],"7":[0,1],"8":[0,1],"9":[0,0],"10":[0,0],"11":[0,0],"12":[0,0],"13":[0,0],"14":[0,0],"15":[0,0],"16":[0,0],"17":[0,0],"18":[0,0],"19":[0,0],"20":[0,0]},"_coverageSchema":"1a1c01bbd47fc00a2c39e90264f33305004495a9","hash":"6c34f6dcb008a461dbdd7b21a8a40f38360b2e3b"}
,"/Users/ramzikarkoub/Desktop/Dev/perScholas/Capstone/cs_backend/middleware/auth.js": {"path":"/Users/ramzikarkoub/Desktop/Dev/perScholas/Capstone/cs_backend/middleware/auth.js","statementMap":{"0":{"start":{"line":3,"column":27},"end":{"line":15,"column":1}},"1":{"start":{"line":4,"column":2},"end":{"line":14,"column":3}},"2":{"start":{"line":5,"column":18},"end":{"line":5,"column":35}},"3":{"start":{"line":7,"column":4},"end":{"line":7,"column":74}},"4":{"start":{"line":7,"column":16},"end":{"line":7,"column":74}},"5":{"start":{"line":9,"column":21},"end":{"line":9,"column":62}},"6":{"start":{"line":10,"column":4},"end":{"line":10,"column":24}},"7":{"start":{"line":11,"column":4},"end":{"line":11,"column":11}},"8":{"start":{"line":13,"column":4},"end":{"line":13,"column":55}}},"fnMap":{"0":{"name":"(anonymous_0)","decl":{"start":{"line":3,"column":27},"end":{"line":3,"column":28}},"loc":{"start":{"line":3,"column":47},"end":{"line":15,"column":1}},"line":3}},"branchMap":{"0":{"loc":{"start":{"line":7,"column":4},"end":{"line":7,"column":74}},"type":"if","locations":[{"start":{"line":7,"column":4},"end":{"line":7,"column":74}},{"start":{},"end":{}}],"line":7}},"s":{"0":3,"1":8,"2":8,"3":8,"4":3,"5":5,"6":3,"7":3,"8":2},"f":{"0":8},"b":{"0":[3,5]},"_coverageSchema":"1a1c01bbd47fc00a2c39e90264f33305004495a9","hash":"89aa9c219f1332627909e5195489d26e8341e544"}
,"/Users/ramzikarkoub/Desktop/Dev/perScholas/Capstone/cs_backend/models/post.model.js": {"path":"/Users/ramzikarkoub/Desktop/Dev/perScholas/Capstone/cs_backend/models/post.model.js","statementMap":{"0":{"start":{"line":3,"column":13},"end":{"line":3,"column":28}},"1":{"start":{"line":4,"column":17},"end":{"line":4,"column":56}},"2":{"start":{"line":6,"column":19},"end":{"line":30,"column":1}},"3":{"start":{"line":33,"column":0},"end":{"line":33,"column":67}},"4":{"start":{"line":34,"column":0},"end":{"line":34,"column":43}},"5":{"start":{"line":35,"column":0},"end":{"line":35,"column":31}},"6":{"start":{"line":36,"column":0},"end":{"line":36,"column":36}},"7":{"start":{"line":37,"column":0},"end":{"line":37,"column":32}},"8":{"start":{"line":39,"column":13},"end":{"line":39,"column":47}}},"fnMap":{},"branchMap":{},"s":{"0":3,"1":3,"2":3,"3":3,"4":3,"5":3,"6":3,"7":3,"8":3},"f":{},"b":{},"_coverageSchema":"1a1c01bbd47fc00a2c39e90264f33305004495a9","hash":"0ec1d076e127f86ad79f2b7cc60848f2419b5008"}
,"/Users/ramzikarkoub/Desktop/Dev/perScholas/Capstone/cs_backend/models/user.model.js": {"path":"/Users/ramzikarkoub/Desktop/Dev/perScholas/Capstone/cs_backend/models/user.model.js","statementMap":{"0":{"start":{"line":3,"column":19},"end":{"line":12,"column":1}},"1":{"start":{"line":14,"column":13},"end":{"line":14,"column":47}}},"fnMap":{},"branchMap":{},"s":{"0":3,"1":3},"f":{},"b":{},"_coverageSchema":"1a1c01bbd47fc00a2c39e90264f33305004495a9","hash":"e2a1e721e144e371b433ab742dacac1cb60fe754"}
,"/Users/ramzikarkoub/Desktop/Dev/perScholas/Capstone/cs_backend/routes/auth.route.js": {"path":"/Users/ramzikarkoub/Desktop/Dev/perScholas/Capstone/cs_backend/routes/auth.route.js","statementMap":{"0":{"start":{"line":9,"column":15},"end":{"line":9,"column":31}},"1":{"start":{"line":11,"column":0},"end":{"line":11,"column":35}},"2":{"start":{"line":12,"column":0},"end":{"line":12,"column":29}},"3":{"start":{"line":13,"column":0},"end":{"line":13,"column":31}},"4":{"start":{"line":14,"column":0},"end":{"line":14,"column":38}}},"fnMap":{},"branchMap":{},"s":{"0":3,"1":3,"2":3,"3":3,"4":3},"f":{},"b":{},"_coverageSchema":"1a1c01bbd47fc00a2c39e90264f33305004495a9","hash":"2dac8b0be3719c79b77cca2d40eee39b8212dd00"}
,"/Users/ramzikarkoub/Desktop/Dev/perScholas/Capstone/cs_backend/routes/post.route.js": {"path":"/Users/ramzikarkoub/Desktop/Dev/perScholas/Capstone/cs_backend/routes/post.route.js","statementMap":{"0":{"start":{"line":11,"column":15},"end":{"line":11,"column":31}},"1":{"start":{"line":13,"column":0},"end":{"line":13,"column":26}},"2":{"start":{"line":14,"column":0},"end":{"line":14,"column":47}},"3":{"start":{"line":15,"column":0},"end":{"line":15,"column":28}},"4":{"start":{"line":16,"column":0},"end":{"line":16,"column":39}},"5":{"start":{"line":17,"column":0},"end":{"line":17,"column":44}},"6":{"start":{"line":18,"column":0},"end":{"line":18,"column":47}}},"fnMap":{},"branchMap":{},"s":{"0":3,"1":3,"2":3,"3":3,"4":3,"5":3,"6":3},"f":{},"b":{},"_coverageSchema":"1a1c01bbd47fc00a2c39e90264f33305004495a9","hash":"9bfbe3f6ef4474999b4cb38d48a44398d156bf45"}
,"/Users/ramzikarkoub/Desktop/Dev/perScholas/Capstone/cs_backend/utils/cloudinary.js": {"path":"/Users/ramzikarkoub/Desktop/Dev/perScholas/Capstone/cs_backend/utils/cloudinary.js","statementMap":{"0":{"start":{"line":4,"column":0},"end":{"line":4,"column":16}},"1":{"start":{"line":6,"column":0},"end":{"line":10,"column":3}}},"fnMap":{},"branchMap":{},"s":{"0":3,"1":3},"f":{},"b":{},"_coverageSchema":"1a1c01bbd47fc00a2c39e90264f33305004495a9","hash":"29df9a85a2a9fc83f0a03b48964faf7c7844d28d"}
}
