TN:
SF:app.js
FN:46,(anonymous_0)
FNF:1
FNH:0
FNDA:0,(anonymous_0)
DA:10,3
DA:11,3
DA:13,3
DA:16,3
DA:17,3
DA:18,3
DA:19,3
DA:40,3
DA:41,3
DA:44,3
DA:45,0
DA:46,0
DA:47,0
LF:13
LH:10
BRDA:44,0,0,0
BRDA:44,0,1,3
BRDA:45,1,0,0
BRDA:45,1,1,0
BRF:4
BRH:1
end_of_record
TN:
SF:config/db.js
FN:6,(anonymous_0)
FNF:1
FNH:1
FNDA:5,(anonymous_0)
DA:4,4
DA:6,4
DA:7,5
DA:8,1
DA:9,1
DA:10,1
DA:12,0
DA:13,0
LF:8
LH:6
BRDA:7,0,0,1
BRDA:7,0,1,4
BRF:2
BRH:2
end_of_record
TN:
SF:controllers/auth.controller.js
FN:6,(anonymous_0)
FN:47,(anonymous_1)
FN:82,(anonymous_2)
FN:93,(anonymous_3)
FNF:4
FNH:4
FNDA:2,(anonymous_0)
FNDA:2,(anonymous_1)
FNDA:1,(anonymous_2)
FNDA:2,(anonymous_3)
DA:6,3
DA:7,2
DA:9,2
DA:11,2
DA:12,2
DA:13,1
DA:16,1
DA:19,1
DA:20,1
DA:21,1
DA:24,1
DA:29,1
DA:37,1
DA:41,0
DA:42,0
DA:47,3
DA:48,2
DA:50,2
DA:52,2
DA:53,2
DA:56,2
DA:57,2
DA:58,1
DA:61,1
DA:66,1
DA:73,1
DA:74,1
DA:76,0
DA:77,0
DA:82,3
DA:83,1
DA:89,1
DA:93,3
DA:94,2
DA:95,2
DA:96,2
DA:97,2
DA:99,0
DA:100,0
LF:39
LH:33
BRDA:12,0,0,1
BRDA:12,0,1,1
BRDA:53,1,0,0
BRDA:53,1,1,2
BRDA:57,2,0,1
BRDA:57,2,1,1
BRDA:96,3,0,0
BRDA:96,3,1,2
BRF:8
BRH:6
end_of_record
TN:
SF:controllers/post.controller.js
FN:5,(anonymous_0)
FN:42,(anonymous_1)
FN:56,(anonymous_2)
FN:80,(anonymous_3)
FN:119,(anonymous_4)
FN:140,(anonymous_5)
FN:149,(anonymous_6)
FNF:7
FNH:2
FNDA:1,(anonymous_0)
FNDA:0,(anonymous_1)
FNDA:0,(anonymous_2)
FNDA:1,(anonymous_3)
FNDA:0,(anonymous_4)
FNDA:0,(anonymous_5)
FNDA:0,(anonymous_6)
DA:5,3
DA:6,1
DA:7,1
DA:9,1
DA:12,1
DA:15,1
DA:18,1
DA:21,1
DA:22,1
DA:25,1
DA:28,1
DA:30,1
DA:31,0
DA:33,1
DA:35,0
DA:36,0
DA:42,3
DA:43,0
DA:45,0
DA:46,0
DA:47,0
DA:49,0
DA:51,0
DA:56,3
DA:57,0
DA:58,0
DA:59,0
DA:60,0
DA:62,0
DA:63,0
DA:64,0
DA:65,0
DA:66,0
DA:67,0
DA:68,0
DA:70,0
DA:73,0
DA:75,0
DA:80,3
DA:92,1
DA:94,1
DA:95,1
DA:109,1
DA:110,1
DA:114,0
DA:119,3
DA:120,0
DA:122,0
DA:123,0
DA:128,0
DA:129,0
DA:130,0
DA:134,0
DA:140,3
DA:141,0
DA:143,0
DA:144,0
DA:145,0
DA:148,0
DA:150,0
DA:151,0
DA:155,0
DA:156,0
DA:158,0
LF:64
LH:23
BRDA:12,0,0,0
BRDA:12,0,1,1
BRDA:15,1,0,0
BRDA:15,1,1,1
BRDA:15,2,0,1
BRDA:15,2,1,0
BRDA:18,3,0,0
BRDA:18,3,1,1
BRDA:18,4,0,1
BRDA:18,4,1,0
BRDA:21,5,0,0
BRDA:21,5,1,1
BRDA:22,6,0,0
BRDA:22,6,1,1
BRDA:25,7,0,0
BRDA:25,7,1,1
BRDA:30,8,0,0
BRDA:30,8,1,1
BRDA:47,9,0,0
BRDA:47,9,1,0
BRDA:60,10,0,0
BRDA:60,10,1,0
BRDA:63,11,0,0
BRDA:63,11,1,0
BRDA:64,12,0,0
BRDA:64,12,1,0
BRDA:64,13,0,0
BRDA:64,13,1,0
BRDA:65,14,0,0
BRDA:65,14,1,0
BRDA:65,15,0,0
BRDA:65,15,1,0
BRDA:66,16,0,0
BRDA:66,16,1,0
BRDA:67,17,0,0
BRDA:67,17,1,0
BRDA:68,18,0,0
BRDA:68,18,1,0
BRDA:128,19,0,0
BRDA:128,19,1,0
BRDA:145,20,0,0
BRDA:145,20,1,0
BRF:42
BRH:9
end_of_record
TN:
SF:middleware/auth.js
FN:3,(anonymous_0)
FNF:1
FNH:1
FNDA:8,(anonymous_0)
DA:3,3
DA:4,8
DA:5,8
DA:7,8
DA:9,5
DA:10,3
DA:11,3
DA:13,2
LF:8
LH:8
BRDA:7,0,0,3
BRDA:7,0,1,5
BRF:2
BRH:2
end_of_record
TN:
SF:models/post.model.js
FNF:0
FNH:0
DA:3,3
DA:4,3
DA:6,3
DA:33,3
DA:34,3
DA:35,3
DA:36,3
DA:37,3
DA:39,3
LF:9
LH:9
BRF:0
BRH:0
end_of_record
TN:
SF:models/user.model.js
FNF:0
FNH:0
DA:3,3
DA:14,3
LF:2
LH:2
BRF:0
BRH:0
end_of_record
TN:
SF:routes/auth.route.js
FNF:0
FNH:0
DA:9,3
DA:11,3
DA:12,3
DA:13,3
DA:14,3
LF:5
LH:5
BRF:0
BRH:0
end_of_record
TN:
SF:routes/post.route.js
FNF:0
FNH:0
DA:11,3
DA:13,3
DA:14,3
DA:15,3
DA:16,3
DA:17,3
DA:18,3
LF:7
LH:7
BRF:0
BRH:0
end_of_record
TN:
SF:utils/cloudinary.js
FNF:0
FNH:0
DA:4,3
DA:6,3
LF:2
LH:2
BRF:0
BRH:0
end_of_record
