TN:
SF:app.js
FN:51,(anonymous_0)
FNF:1
FNH:0
FNDA:0,(anonymous_0)
DA:2,5
DA:12,5
DA:15,5
DA:16,0
DA:18,5
DA:20,5
DA:21,5
DA:22,5
DA:23,5
DA:45,5
DA:46,5
DA:49,5
DA:50,0
DA:51,0
DA:52,0
LF:15
LH:11
BRDA:15,0,0,0
BRDA:15,0,1,5
BRDA:18,1,0,5
BRDA:18,1,1,0
BRDA:49,2,0,0
BRDA:49,2,1,5
BRF:6
BRH:3
end_of_record
TN:
SF:config/db.js
FN:6,(anonymous_0)
FNF:1
FNH:1
FNDA:3,(anonymous_0)
DA:4,6
DA:6,6
DA:7,3
DA:8,3
DA:9,2
DA:11,1
DA:12,1
LF:7
LH:7
BRF:0
BRH:0
end_of_record
TN:
SF:controllers/auth.controller.js
FN:6,(anonymous_0)
FN:47,(anonymous_1)
FN:82,(anonymous_2)
FN:93,(anonymous_3)
FNF:4
FNH:4
FNDA:8,(anonymous_0)
FNDA:4,(anonymous_1)
FNDA:2,(anonymous_2)
FNDA:2,(anonymous_3)
DA:6,5
DA:7,8
DA:9,8
DA:11,8
DA:12,8
DA:13,2
DA:16,6
DA:19,6
DA:20,6
DA:21,6
DA:24,6
DA:29,6
DA:37,6
DA:41,0
DA:42,0
DA:47,5
DA:48,4
DA:50,4
DA:52,4
DA:53,4
DA:56,4
DA:57,4
DA:58,2
DA:61,2
DA:66,2
DA:73,2
DA:74,2
DA:76,0
DA:77,0
DA:82,5
DA:83,2
DA:89,2
DA:93,5
DA:94,2
DA:95,2
DA:96,2
DA:97,2
DA:99,0
DA:100,0
LF:39
LH:33
BRDA:12,0,0,2
BRDA:12,0,1,6
BRDA:32,1,0,0
BRDA:32,1,1,6
BRDA:53,2,0,0
BRDA:53,2,1,4
BRDA:57,3,0,2
BRDA:57,3,1,2
BRDA:69,4,0,0
BRDA:69,4,1,2
BRDA:86,5,0,0
BRDA:86,5,1,2
BRDA:96,6,0,0
BRDA:96,6,1,2
BRF:14
BRH:9
end_of_record
TN:
SF:controllers/post.controller.js
FN:7,(anonymous_0)
FN:16,(anonymous_1)
FN:42,(anonymous_2)
FN:57,(anonymous_3)
FN:82,(anonymous_4)
FN:124,(anonymous_5)
FN:147,(anonymous_6)
FN:155,(anonymous_7)
FNF:8
FNH:7
FNDA:4,(anonymous_0)
FNDA:4,(anonymous_1)
FNDA:1,(anonymous_2)
FNDA:1,(anonymous_3)
FNDA:2,(anonymous_4)
FNDA:1,(anonymous_5)
FNDA:1,(anonymous_6)
FNDA:0,(anonymous_7)
DA:7,5
DA:8,4
DA:9,4
DA:11,0
DA:16,5
DA:17,4
DA:18,4
DA:20,4
DA:22,4
DA:23,4
DA:24,4
DA:25,4
DA:26,4
DA:27,4
DA:29,4
DA:31,4
DA:32,2
DA:34,2
DA:36,0
DA:37,0
DA:42,5
DA:43,1
DA:45,1
DA:46,1
DA:47,1
DA:49,1
DA:51,0
DA:52,0
DA:57,5
DA:58,1
DA:59,1
DA:60,1
DA:61,1
DA:63,1
DA:64,1
DA:65,1
DA:66,1
DA:67,1
DA:68,1
DA:69,1
DA:71,1
DA:75,1
DA:77,0
DA:82,5
DA:94,2
DA:96,2
DA:97,2
DA:111,2
DA:113,2
DA:115,2
DA:119,0
DA:124,5
DA:125,1
DA:127,1
DA:128,1
DA:133,1
DA:134,0
DA:136,1
DA:138,1
DA:142,0
DA:147,5
DA:148,1
DA:150,1
DA:151,1
DA:152,1
DA:154,1
DA:156,0
DA:157,0
DA:161,1
DA:163,1
DA:165,1
DA:167,0
LF:72
LH:60
BRDA:22,0,0,0
BRDA:22,0,1,4
BRDA:23,1,0,0
BRDA:23,1,1,4
BRDA:23,2,0,4
BRDA:23,2,1,0
BRDA:24,3,0,0
BRDA:24,3,1,4
BRDA:24,4,0,4
BRDA:24,4,1,0
BRDA:25,5,0,0
BRDA:25,5,1,4
BRDA:26,6,0,0
BRDA:26,6,1,4
BRDA:27,7,0,0
BRDA:27,7,1,4
BRDA:31,8,0,2
BRDA:31,8,1,2
BRDA:47,9,0,0
BRDA:47,9,1,1
BRDA:61,10,0,0
BRDA:61,10,1,1
BRDA:64,11,0,0
BRDA:64,11,1,1
BRDA:65,12,0,0
BRDA:65,12,1,1
BRDA:65,13,0,1
BRDA:65,13,1,0
BRDA:66,14,0,0
BRDA:66,14,1,1
BRDA:66,15,0,1
BRDA:66,15,1,0
BRDA:67,16,0,0
BRDA:67,16,1,1
BRDA:68,17,0,0
BRDA:68,17,1,1
BRDA:69,18,0,0
BRDA:69,18,1,1
BRDA:133,19,0,0
BRDA:133,19,1,1
BRDA:152,20,0,0
BRDA:152,20,1,1
BRF:42
BRH:22
end_of_record
TN:
SF:middleware/auth.js
FN:3,(anonymous_0)
FNF:1
FNH:1
FNDA:14,(anonymous_0)
DA:3,6
DA:4,14
DA:5,14
DA:7,14
DA:9,9
DA:10,8
DA:11,8
DA:13,1
LF:8
LH:8
BRDA:7,0,0,5
BRDA:7,0,1,9
BRF:2
BRH:2
end_of_record
TN:
SF:middleware/cacheMiddleware.js
FN:3,(anonymous_0)
FN:15,(anonymous_1)
FNF:2
FNH:2
FNDA:4,(anonymous_0)
FNDA:4,(anonymous_1)
DA:3,5
DA:4,4
DA:5,4
DA:7,4
DA:9,4
DA:10,0
DA:11,0
DA:14,4
DA:15,4
DA:16,4
DA:17,4
DA:20,4
DA:22,0
DA:23,0
LF:14
LH:10
BRDA:9,0,0,0
BRDA:9,0,1,4
BRF:2
BRH:1
end_of_record
TN:
SF:models/post.model.js
FNF:0
FNH:0
DA:3,5
DA:4,5
DA:6,5
DA:33,5
DA:34,5
DA:35,5
DA:36,5
DA:37,5
DA:39,5
LF:9
LH:9
BRF:0
BRH:0
end_of_record
TN:
SF:models/user.model.js
FNF:0
FNH:0
DA:3,5
DA:14,5
LF:2
LH:2
BRF:0
BRH:0
end_of_record
TN:
SF:routes/auth.route.js
FNF:0
FNH:0
DA:9,5
DA:11,5
DA:12,5
DA:13,5
DA:14,5
LF:5
LH:5
BRF:0
BRH:0
end_of_record
TN:
SF:routes/post.route.js
FNF:0
FNH:0
DA:11,5
DA:14,5
DA:15,5
DA:16,5
DA:17,5
DA:18,5
DA:19,5
LF:7
LH:7
BRF:0
BRH:0
end_of_record
TN:
SF:utils/cache.js
FN:7,(anonymous_0)
FN:8,(anonymous_1)
FN:9,(anonymous_2)
FN:10,(anonymous_3)
FN:16,(anonymous_4)
FN:20,(anonymous_5)
FNF:6
FNH:1
FNDA:0,(anonymous_0)
FNDA:0,(anonymous_1)
FNDA:0,(anonymous_2)
FNDA:7,(anonymous_3)
FNDA:0,(anonymous_4)
FNDA:0,(anonymous_5)
DA:4,7
DA:6,7
DA:7,0
DA:8,0
DA:9,0
DA:10,7
DA:13,7
DA:14,0
DA:16,0
DA:17,0
DA:20,0
DA:21,0
LF:12
LH:4
BRDA:13,0,0,0
BRDA:13,0,1,7
BRDA:13,1,0,7
BRDA:13,1,1,0
BRF:4
BRH:2
end_of_record
TN:
SF:utils/cloudinary.js
FNF:0
FNH:0
DA:4,5
DA:6,5
LF:2
LH:2
BRF:0
BRH:0
end_of_record
